Started GET "/articles" for 127.0.0.1 at 2023-10-23 15:58:50 +0500
  [1m[35m (5.5ms)[0m  [1m[35mCREATE TABLE "schema_migrations" ("version" varchar NOT NULL PRIMARY KEY)[0m
  [1m[35m (0.3ms)[0m  [1m[35mCREATE TABLE "ar_internal_metadata" ("key" varchar NOT NULL PRIMARY KEY, "value" varchar, "created_at" datetime(6) NOT NULL, "updated_at" datetime(6) NOT NULL)[0m
  [1m[36mActiveRecord::SchemaMigration Load (0.1ms)[0m  [1m[34mSELECT "schema_migrations"."version" FROM "schema_migrations" ORDER BY "schema_migrations"."version" ASC[0m
  
ActionController::RoutingError (No route matches [GET] "/articles"):
  
Started GET "/" for 127.0.0.1 at 2023-10-23 15:58:57 +0500
Processing by Rails::WelcomeController#index as HTML
  Rendering /home/naveed60/.rvm/gems/ruby-3.1.0/gems/railties-7.1.1/lib/rails/templates/rails/welcome/index.html.erb
  Rendered /home/naveed60/.rvm/gems/ruby-3.1.0/gems/railties-7.1.1/lib/rails/templates/rails/welcome/index.html.erb (Duration: 1.5ms | Allocations: 292)
Completed 200 OK in 20ms (Views: 3.8ms | ActiveRecord: 0.0ms | Allocations: 2551)


[ActionDispatch::HostAuthorization::DefaultResponseApp] Blocked hosts: gohorseback.lvh.me:3000
[ActionDispatch::HostAuthorization::DefaultResponseApp] Blocked hosts: gohorseback.lvh.me:3000
Started GET "/" for 127.0.0.1 at 2023-10-23 16:02:31 +0500
Processing by Rails::WelcomeController#index as HTML
  Rendering /home/naveed60/.rvm/gems/ruby-3.1.0/gems/railties-7.1.1/lib/rails/templates/rails/welcome/index.html.erb
  Rendered /home/naveed60/.rvm/gems/ruby-3.1.0/gems/railties-7.1.1/lib/rails/templates/rails/welcome/index.html.erb (Duration: 0.1ms | Allocations: 14)
Completed 200 OK in 1ms (Views: 0.5ms | ActiveRecord: 0.0ms | Allocations: 239)


Started GET "/articles" for 127.0.0.1 at 2023-10-23 16:07:41 +0500
  
ActionController::RoutingError (No route matches [GET] "/articles"):
  
Started GET "/articles/index" for 127.0.0.1 at 2023-10-23 16:07:48 +0500
Processing by ArticlesController#index as HTML
  Rendering layout layouts/application.html.erb
  Rendering articles/index.html.erb within layouts/application
  Rendered articles/index.html.erb within layouts/application (Duration: 0.9ms | Allocations: 114)
  Rendered layout layouts/application.html.erb (Duration: 346.0ms | Allocations: 95639)
Completed 200 OK in 352ms (Views: 350.0ms | ActiveRecord: 0.0ms | Allocations: 96720)


Started GET "/articles/index" for 127.0.0.1 at 2023-10-23 16:21:10 +0500
  
ActionController::RoutingError (No route matches [GET] "/articles/index"):
  
Started GET "/articles/index" for 127.0.0.1 at 2023-10-23 16:21:31 +0500
  
ActionController::RoutingError (No route matches [GET] "/articles/index"):
  
Started GET "/articles/index" for 127.0.0.1 at 2023-10-23 16:31:10 +0500
  [1m[36mActiveRecord::SchemaMigration Load (0.2ms)[0m  [1m[34mSELECT "schema_migrations"."version" FROM "schema_migrations" ORDER BY "schema_migrations"."version" ASC[0m
  
ActionController::RoutingError (No route matches [GET] "/articles/index"):
  
Started GET "/articles" for 127.0.0.1 at 2023-10-23 16:31:16 +0500
Processing by ArticlesController#index as HTML
  Rendering layout layouts/application.html.erb
  Rendering articles/index.html.erb within layouts/application
  Rendered articles/index.html.erb within layouts/application (Duration: 0.6ms | Allocations: 97)
  Rendered layout layouts/application.html.erb (Duration: 335.4ms | Allocations: 96056)
Completed 200 OK in 354ms (Views: 339.3ms | ActiveRecord: 0.0ms | Allocations: 98501)


  [1m[36mActiveRecord::InternalMetadata Load (0.1ms)[0m  [1m[34mSELECT * FROM "ar_internal_metadata" WHERE "ar_internal_metadata"."key" = ? ORDER BY "ar_internal_metadata"."key" ASC LIMIT 1[0m  [[nil, "environment"]]
  [1m[36mActiveRecord::InternalMetadata Create (15.1ms)[0m  [1m[32mINSERT INTO "ar_internal_metadata" ("key", "value", "created_at", "updated_at") VALUES ('environment', 'development', '2023-10-23 11:34:54.742937', '2023-10-23 11:34:54.742941') RETURNING "key"[0m
  [1m[36mActiveRecord::SchemaMigration Load (0.1ms)[0m  [1m[34mSELECT "schema_migrations"."version" FROM "schema_migrations" ORDER BY "schema_migrations"."version" ASC[0m
Migrating to CreateArticles (20231023113343)
  [1m[36mTRANSACTION (0.1ms)[0m  [1m[36mbegin transaction[0m
  [1m[35m (1.1ms)[0m  [1m[35mCREATE TABLE "articles" ("id" integer PRIMARY KEY AUTOINCREMENT NOT NULL, "title" varchar, "body" text, "created_at" datetime(6) NOT NULL, "updated_at" datetime(6) NOT NULL)[0m
  [1m[36mActiveRecord::SchemaMigration Create (0.2ms)[0m  [1m[32mINSERT INTO "schema_migrations" ("version") VALUES ('20231023113343') RETURNING "version"[0m
  [1m[36mTRANSACTION (0.1ms)[0m  [1m[36mcommit transaction[0m
  [1m[36mActiveRecord::SchemaMigration Load (0.1ms)[0m  [1m[34mSELECT "schema_migrations"."version" FROM "schema_migrations" ORDER BY "schema_migrations"."version" ASC[0m
  [1m[36mArticle Load (0.2ms)[0m  [1m[34mSELECT "articles".* FROM "articles" ORDER BY "articles"."id" DESC LIMIT ?[0m  [["LIMIT", 1]]
Started GET "/articles" for 127.0.0.1 at 2023-10-23 16:38:02 +0500
  [1m[36mActiveRecord::SchemaMigration Load (0.1ms)[0m  [1m[34mSELECT "schema_migrations"."version" FROM "schema_migrations" ORDER BY "schema_migrations"."version" ASC[0m
Processing by ArticlesController#index as HTML
  Rendering layout layouts/application.html.erb
  Rendering articles/index.html.erb within layouts/application
  Rendered articles/index.html.erb within layouts/application (Duration: 1.6ms | Allocations: 1097)
  Rendered layout layouts/application.html.erb (Duration: 2.1ms | Allocations: 1190)
Completed 500 Internal Server Error in 17ms (ActiveRecord: 0.0ms | Allocations: 7882)


  
ActionView::Template::Error (undefined method `each' for nil:NilClass):
    1: <h1>Articles</h1>
    2: 
    3: <ul>
    4:   <% @articles.each do |article| %>
    5:     <li>
    6:       <%= article.title %>
    7:     </li>
  
app/views/articles/index.html.erb:4
Started GET "/articles" for 127.0.0.1 at 2023-10-23 16:39:09 +0500
Processing by ArticlesController#index as HTML
  Rendering layout layouts/application.html.erb
  Rendering articles/index.html.erb within layouts/application
  [1m[36mArticle Load (0.1ms)[0m  [1m[34mSELECT "articles".* FROM "articles"[0m
  ↳ app/views/articles/index.html.erb:4
  Rendered articles/index.html.erb within layouts/application (Duration: 2.4ms | Allocations: 984)
  Rendered layout layouts/application.html.erb (Duration: 17.4ms | Allocations: 14478)
Completed 200 OK in 22ms (Views: 17.9ms | ActiveRecord: 1.2ms | Allocations: 15949)


Started GET "/articles" for 127.0.0.1 at 2023-10-23 16:40:26 +0500
Processing by ArticlesController#index as HTML
  Rendering layout layouts/application.html.erb
  Rendering articles/index.html.erb within layouts/application
  [1m[36mArticle Load (0.1ms)[0m  [1m[34mSELECT "articles".* FROM "articles"[0m
  ↳ app/views/articles/index.html.erb:4
  Rendered articles/index.html.erb within layouts/application (Duration: 2.1ms | Allocations: 897)
  Rendered layout layouts/application.html.erb (Duration: 19.9ms | Allocations: 14389)
Completed 200 OK in 23ms (Views: 20.0ms | ActiveRecord: 1.2ms | Allocations: 15862)


Started GET "/articles/show" for 127.0.0.1 at 2023-10-23 16:40:34 +0500
Processing by ArticlesController#show as HTML
  Parameters: {"id"=>"show"}
  [1m[36mArticle Load (0.2ms)[0m  [1m[34mSELECT "articles".* FROM "articles" WHERE "articles"."id" = ? LIMIT ?[0m  [["id", nil], ["LIMIT", 1]]
  ↳ app/controllers/articles_controller.rb:7:in `show'
Completed 404 Not Found in 13ms (ActiveRecord: 0.9ms | Allocations: 3941)


  
ActiveRecord::RecordNotFound (Couldn't find Article with 'id'=show):
  
app/controllers/articles_controller.rb:7:in `show'
Started GET "/articles/show" for 127.0.0.1 at 2023-10-23 16:41:29 +0500
Processing by ArticlesController#show as HTML
  Parameters: {"id"=>"show"}
  [1m[36mArticle Load (0.1ms)[0m  [1m[34mSELECT "articles".* FROM "articles" WHERE "articles"."id" = ? LIMIT ?[0m  [["id", nil], ["LIMIT", 1]]
  ↳ app/controllers/articles_controller.rb:7:in `show'
Completed 404 Not Found in 6ms (ActiveRecord: 1.9ms | Allocations: 2689)


  
ActiveRecord::RecordNotFound (Couldn't find Article with 'id'=show):
  
app/controllers/articles_controller.rb:7:in `show'
Started GET "/articles" for 127.0.0.1 at 2023-10-23 16:41:33 +0500
Processing by ArticlesController#index as HTML
  Rendering layout layouts/application.html.erb
  Rendering articles/index.html.erb within layouts/application
  [1m[36mArticle Load (0.2ms)[0m  [1m[34mSELECT "articles".* FROM "articles"[0m
  ↳ app/views/articles/index.html.erb:4
  Rendered articles/index.html.erb within layouts/application (Duration: 2.4ms | Allocations: 559)
  Rendered layout layouts/application.html.erb (Duration: 21.7ms | Allocations: 14035)
Completed 200 OK in 29ms (Views: 26.7ms | ActiveRecord: 0.2ms | Allocations: 14876)


Started GET "/articles/show" for 127.0.0.1 at 2023-10-23 16:41:39 +0500
Processing by ArticlesController#show as HTML
  Parameters: {"id"=>"show"}
  [1m[36mArticle Load (0.1ms)[0m  [1m[34mSELECT "articles".* FROM "articles" WHERE "articles"."id" = ? LIMIT ?[0m  [["id", nil], ["LIMIT", 1]]
  ↳ app/controllers/articles_controller.rb:7:in `show'
Completed 404 Not Found in 1ms (ActiveRecord: 0.1ms | Allocations: 794)


  
ActiveRecord::RecordNotFound (Couldn't find Article with 'id'=show):
  
app/controllers/articles_controller.rb:7:in `show'
Started GET "/articles/13" for 127.0.0.1 at 2023-10-23 16:42:22 +0500
Processing by ArticlesController#show as HTML
  Parameters: {"id"=>"13"}
  [1m[36mArticle Load (0.1ms)[0m  [1m[34mSELECT "articles".* FROM "articles" WHERE "articles"."id" = ? LIMIT ?[0m  [["id", 13], ["LIMIT", 1]]
  ↳ app/controllers/articles_controller.rb:7:in `show'
Completed 404 Not Found in 1ms (ActiveRecord: 0.1ms | Allocations: 799)


  
ActiveRecord::RecordNotFound (Couldn't find Article with 'id'=13):
  
app/controllers/articles_controller.rb:7:in `show'
Started GET "/" for 127.0.0.1 at 2023-10-23 16:43:32 +0500
Processing by ArticlesController#index as HTML
  Rendering layout layouts/application.html.erb
  Rendering articles/index.html.erb within layouts/application
  [1m[36mArticle Load (0.1ms)[0m  [1m[34mSELECT "articles".* FROM "articles"[0m
  ↳ app/views/articles/index.html.erb:4
  Rendered articles/index.html.erb within layouts/application (Duration: 2.8ms | Allocations: 908)
  Rendered layout layouts/application.html.erb (Duration: 16.4ms | Allocations: 14399)
Completed 200 OK in 20ms (Views: 16.4ms | ActiveRecord: 1.5ms | Allocations: 15867)


Started GET "/articles/1" for 127.0.0.1 at 2023-10-23 16:43:52 +0500
Processing by ArticlesController#show as HTML
  Parameters: {"id"=>"1"}
  [1m[36mArticle Load (0.1ms)[0m  [1m[34mSELECT "articles".* FROM "articles" WHERE "articles"."id" = ? LIMIT ?[0m  [["id", 1], ["LIMIT", 1]]
  ↳ app/controllers/articles_controller.rb:7:in `show'
Completed 404 Not Found in 3ms (ActiveRecord: 0.4ms | Allocations: 1821)


  
ActiveRecord::RecordNotFound (Couldn't find Article with 'id'=1):
  
app/controllers/articles_controller.rb:7:in `show'
  [1m[36mTRANSACTION (0.1ms)[0m  [1m[36mbegin transaction[0m
  [1m[36mArticle Create (0.5ms)[0m  [1m[32mINSERT INTO "articles" ("title", "body", "created_at", "updated_at") VALUES (?, ?, ?, ?) RETURNING "id"[0m  [["title", "Hello Rails"], ["body", "I am on Rails!"], ["created_at", "2023-10-23 11:44:22.283290"], ["updated_at", "2023-10-23 11:44:22.283290"]]
  [1m[36mTRANSACTION (0.1ms)[0m  [1m[36mcommit transaction[0m
Started GET "/articles/1" for 127.0.0.1 at 2023-10-23 16:44:26 +0500
Processing by ArticlesController#show as HTML
  Parameters: {"id"=>"1"}
  [1m[36mArticle Load (0.1ms)[0m  [1m[34mSELECT "articles".* FROM "articles" WHERE "articles"."id" = ? LIMIT ?[0m  [["id", 1], ["LIMIT", 1]]
  ↳ app/controllers/articles_controller.rb:7:in `show'
  Rendering layout layouts/application.html.erb
  Rendering articles/show.html.erb within layouts/application
  Rendered articles/show.html.erb within layouts/application (Duration: 0.6ms | Allocations: 147)
  Rendered layout layouts/application.html.erb (Duration: 3.3ms | Allocations: 2339)
Completed 200 OK in 31ms (Views: 4.3ms | ActiveRecord: 0.1ms | Allocations: 20015)


Started GET "/articles/1" for 127.0.0.1 at 2023-10-23 16:46:31 +0500
Processing by ArticlesController#show as HTML
  Parameters: {"id"=>"1"}
  [1m[36mArticle Load (0.1ms)[0m  [1m[34mSELECT "articles".* FROM "articles" WHERE "articles"."id" = ? LIMIT ?[0m  [["id", 1], ["LIMIT", 1]]
  ↳ app/controllers/articles_controller.rb:7:in `show'
  Rendering layout layouts/application.html.erb
  Rendering articles/show.html.erb within layouts/application
  Rendered articles/show.html.erb within layouts/application (Duration: 0.4ms | Allocations: 136)
  Rendered layout layouts/application.html.erb (Duration: 14.9ms | Allocations: 13604)
Completed 200 OK in 24ms (Views: 16.5ms | ActiveRecord: 1.5ms | Allocations: 18783)


Started GET "/articles" for 127.0.0.1 at 2023-10-23 16:46:42 +0500
Processing by ArticlesController#index as HTML
  Rendering layout layouts/application.html.erb
  Rendering articles/index.html.erb within layouts/application
  [1m[36mArticle Load (0.2ms)[0m  [1m[34mSELECT "articles".* FROM "articles"[0m
  ↳ app/views/articles/index.html.erb:4
  Rendered articles/index.html.erb within layouts/application (Duration: 2.8ms | Allocations: 729)
  Rendered layout layouts/application.html.erb (Duration: 6.3ms | Allocations: 2897)
Completed 200 OK in 8ms (Views: 6.8ms | ActiveRecord: 0.2ms | Allocations: 3210)


Started GET "/articles/1" for 127.0.0.1 at 2023-10-23 16:46:45 +0500
Processing by ArticlesController#show as HTML
  Parameters: {"id"=>"1"}
  [1m[36mArticle Load (0.1ms)[0m  [1m[34mSELECT "articles".* FROM "articles" WHERE "articles"."id" = ? LIMIT ?[0m  [["id", 1], ["LIMIT", 1]]
  ↳ app/controllers/articles_controller.rb:7:in `show'
  Rendering layout layouts/application.html.erb
  Rendering articles/show.html.erb within layouts/application
  Rendered articles/show.html.erb within layouts/application (Duration: 0.1ms | Allocations: 10)
  Rendered layout layouts/application.html.erb (Duration: 2.8ms | Allocations: 2184)
Completed 200 OK in 5ms (Views: 3.3ms | ActiveRecord: 0.1ms | Allocations: 2765)


Started GET "/articles/1" for 127.0.0.1 at 2023-10-23 16:46:48 +0500
Processing by ArticlesController#show as HTML
  Parameters: {"id"=>"1"}
  [1m[36mArticle Load (0.1ms)[0m  [1m[34mSELECT "articles".* FROM "articles" WHERE "articles"."id" = ? LIMIT ?[0m  [["id", 1], ["LIMIT", 1]]
  ↳ app/controllers/articles_controller.rb:7:in `show'
  Rendering layout layouts/application.html.erb
  Rendering articles/show.html.erb within layouts/application
  Rendered articles/show.html.erb within layouts/application (Duration: 0.1ms | Allocations: 10)
  Rendered layout layouts/application.html.erb (Duration: 4.2ms | Allocations: 2154)
Completed 200 OK in 8ms (Views: 5.3ms | ActiveRecord: 0.1ms | Allocations: 2735)


Started GET "/articles/1" for 127.0.0.1 at 2023-10-23 16:46:50 +0500
Processing by ArticlesController#show as HTML
  Parameters: {"id"=>"1"}
  [1m[36mArticle Load (0.1ms)[0m  [1m[34mSELECT "articles".* FROM "articles" WHERE "articles"."id" = ? LIMIT ?[0m  [["id", 1], ["LIMIT", 1]]
  ↳ app/controllers/articles_controller.rb:7:in `show'
  Rendering layout layouts/application.html.erb
  Rendering articles/show.html.erb within layouts/application
  Rendered articles/show.html.erb within layouts/application (Duration: 0.1ms | Allocations: 10)
  Rendered layout layouts/application.html.erb (Duration: 7.0ms | Allocations: 2169)
Completed 200 OK in 11ms (Views: 8.5ms | ActiveRecord: 0.1ms | Allocations: 2750)


Started GET "/articles/1" for 127.0.0.1 at 2023-10-23 16:47:19 +0500
Processing by ArticlesController#show as HTML
  Parameters: {"id"=>"1"}
  [1m[36mArticle Load (0.1ms)[0m  [1m[34mSELECT "articles".* FROM "articles" WHERE "articles"."id" = ? LIMIT ?[0m  [["id", 1], ["LIMIT", 1]]
  ↳ app/controllers/articles_controller.rb:7:in `show'
  Rendering layout layouts/application.html.erb
  Rendering articles/show.html.erb within layouts/application
  Rendered articles/show.html.erb within layouts/application (Duration: 0.1ms | Allocations: 10)
  Rendered layout layouts/application.html.erb (Duration: 3.2ms | Allocations: 2178)
Completed 200 OK in 6ms (Views: 3.9ms | ActiveRecord: 0.1ms | Allocations: 2759)


Started GET "/articles/1" for 127.0.0.1 at 2023-10-23 16:47:22 +0500
Processing by ArticlesController#show as HTML
  Parameters: {"id"=>"1"}
  [1m[36mArticle Load (0.1ms)[0m  [1m[34mSELECT "articles".* FROM "articles" WHERE "articles"."id" = ? LIMIT ?[0m  [["id", 1], ["LIMIT", 1]]
  ↳ app/controllers/articles_controller.rb:7:in `show'
  Rendering layout layouts/application.html.erb
  Rendering articles/show.html.erb within layouts/application
  Rendered articles/show.html.erb within layouts/application (Duration: 0.1ms | Allocations: 10)
  Rendered layout layouts/application.html.erb (Duration: 3.9ms | Allocations: 2181)
Completed 200 OK in 6ms (Views: 4.5ms | ActiveRecord: 0.1ms | Allocations: 2762)


Started GET "/articles/1" for 127.0.0.1 at 2023-10-23 16:48:20 +0500
Processing by ArticlesController#show as HTML
  Parameters: {"id"=>"1"}
  [1m[36mArticle Load (0.1ms)[0m  [1m[34mSELECT "articles".* FROM "articles" WHERE "articles"."id" = ? LIMIT ?[0m  [["id", 1], ["LIMIT", 1]]
  ↳ app/controllers/articles_controller.rb:7:in `show'
  Rendering layout layouts/application.html.erb
  Rendering articles/show.html.erb within layouts/application
  Rendered articles/show.html.erb within layouts/application (Duration: 0.4ms | Allocations: 138)
  Rendered layout layouts/application.html.erb (Duration: 13.5ms | Allocations: 13621)
Completed 200 OK in 23ms (Views: 15.0ms | ActiveRecord: 1.3ms | Allocations: 18838)


Started GET "/articles" for 127.0.0.1 at 2023-10-23 16:48:22 +0500
Processing by ArticlesController#index as HTML
  Rendering layout layouts/application.html.erb
  Rendering articles/index.html.erb within layouts/application
  [1m[36mArticle Load (0.2ms)[0m  [1m[34mSELECT "articles".* FROM "articles"[0m
  ↳ app/views/articles/index.html.erb:4
  Rendered articles/index.html.erb within layouts/application (Duration: 2.1ms | Allocations: 655)
  Rendered layout layouts/application.html.erb (Duration: 6.7ms | Allocations: 2814)
Completed 200 OK in 8ms (Views: 7.1ms | ActiveRecord: 0.2ms | Allocations: 3128)


Started GET "/" for 127.0.0.1 at 2023-10-23 16:48:26 +0500
Processing by ArticlesController#index as HTML
  Rendering layout layouts/application.html.erb
  Rendering articles/index.html.erb within layouts/application
  [1m[36mArticle Load (0.1ms)[0m  [1m[34mSELECT "articles".* FROM "articles"[0m
  ↳ app/views/articles/index.html.erb:4
  Rendered articles/index.html.erb within layouts/application (Duration: 2.9ms | Allocations: 416)
  Rendered layout layouts/application.html.erb (Duration: 8.6ms | Allocations: 2578)
Completed 200 OK in 10ms (Views: 9.4ms | ActiveRecord: 0.1ms | Allocations: 2829)


Started GET "/articles/1" for 127.0.0.1 at 2023-10-23 16:48:27 +0500
Processing by ArticlesController#show as HTML
  Parameters: {"id"=>"1"}
  [1m[36mArticle Load (0.1ms)[0m  [1m[34mSELECT "articles".* FROM "articles" WHERE "articles"."id" = ? LIMIT ?[0m  [["id", 1], ["LIMIT", 1]]
  ↳ app/controllers/articles_controller.rb:7:in `show'
  Rendering layout layouts/application.html.erb
  Rendering articles/show.html.erb within layouts/application
  Rendered articles/show.html.erb within layouts/application (Duration: 0.1ms | Allocations: 10)
  Rendered layout layouts/application.html.erb (Duration: 3.2ms | Allocations: 2172)
Completed 200 OK in 5ms (Views: 3.7ms | ActiveRecord: 0.1ms | Allocations: 2753)


Started GET "/articles/1" for 127.0.0.1 at 2023-10-23 16:53:57 +0500
Processing by ArticlesController#show as HTML
  Parameters: {"id"=>"1"}
  [1m[36mArticle Load (0.1ms)[0m  [1m[34mSELECT "articles".* FROM "articles" WHERE "articles"."id" = ? LIMIT ?[0m  [["id", 1], ["LIMIT", 1]]
  ↳ app/controllers/articles_controller.rb:7:in `show'
  Rendering layout layouts/application.html.erb
  Rendering articles/show.html.erb within layouts/application
  Rendered articles/show.html.erb within layouts/application (Duration: 0.6ms | Allocations: 134)
  Rendered layout layouts/application.html.erb (Duration: 15.3ms | Allocations: 13398)
Completed 200 OK in 26ms (Views: 16.9ms | ActiveRecord: 1.9ms | Allocations: 18551)


Started GET "/" for 127.0.0.1 at 2023-10-23 16:53:59 +0500
Processing by ArticlesController#index as HTML
  Rendering layout layouts/application.html.erb
  Rendering articles/index.html.erb within layouts/application
  [1m[36mArticle Load (0.2ms)[0m  [1m[34mSELECT "articles".* FROM "articles"[0m
  ↳ app/views/articles/index.html.erb:4
  Rendered articles/index.html.erb within layouts/application (Duration: 2.8ms | Allocations: 655)
  Rendered layout layouts/application.html.erb (Duration: 10.2ms | Allocations: 2811)
Completed 200 OK in 11ms (Views: 10.6ms | ActiveRecord: 0.2ms | Allocations: 3126)


Started GET "/articles/1" for 127.0.0.1 at 2023-10-23 16:54:01 +0500
Processing by ArticlesController#show as HTML
  Parameters: {"id"=>"1"}
  [1m[36mArticle Load (0.2ms)[0m  [1m[34mSELECT "articles".* FROM "articles" WHERE "articles"."id" = ? LIMIT ?[0m  [["id", 1], ["LIMIT", 1]]
  ↳ app/controllers/articles_controller.rb:7:in `show'
  Rendering layout layouts/application.html.erb
  Rendering articles/show.html.erb within layouts/application
  Rendered articles/show.html.erb within layouts/application (Duration: 0.1ms | Allocations: 10)
  Rendered layout layouts/application.html.erb (Duration: 5.5ms | Allocations: 2183)
Completed 200 OK in 9ms (Views: 6.4ms | ActiveRecord: 0.2ms | Allocations: 2764)


Started GET "/" for 127.0.0.1 at 2023-10-23 17:16:14 +0500
Processing by ArticlesController#index as HTML
  Rendering layout layouts/application.html.erb
  Rendering articles/index.html.erb within layouts/application
  [1m[36mArticle Load (0.7ms)[0m  [1m[34mSELECT "articles".* FROM "articles"[0m
  ↳ app/views/articles/index.html.erb:4
  Rendered articles/index.html.erb within layouts/application (Duration: 2.0ms | Allocations: 693)
  Rendered layout layouts/application.html.erb (Duration: 5.2ms | Allocations: 2868)
Completed 200 OK in 6ms (Views: 4.9ms | ActiveRecord: 1.0ms | Allocations: 3119)


Started GET "/articles/1" for 127.0.0.1 at 2023-10-23 17:16:19 +0500
Processing by ArticlesController#show as HTML
  Parameters: {"id"=>"1"}
  [1m[36mArticle Load (0.1ms)[0m  [1m[34mSELECT "articles".* FROM "articles" WHERE "articles"."id" = ? LIMIT ?[0m  [["id", 1], ["LIMIT", 1]]
  ↳ app/controllers/articles_controller.rb:7:in `show'
  Rendering layout layouts/application.html.erb
  Rendering articles/show.html.erb within layouts/application
  Rendered articles/show.html.erb within layouts/application (Duration: 0.1ms | Allocations: 10)
  Rendered layout layouts/application.html.erb (Duration: 2.7ms | Allocations: 2193)
Completed 200 OK in 5ms (Views: 3.2ms | ActiveRecord: 0.1ms | Allocations: 2798)


Started GET "/articles/new" for 127.0.0.1 at 2023-10-23 17:17:29 +0500
Processing by ArticlesController#new as HTML
  Rendering layout layouts/application.html.erb
  Rendering articles/new.html.erb within layouts/application
  Rendered articles/new.html.erb within layouts/application (Duration: 21.6ms | Allocations: 12497)
  Rendered layout layouts/application.html.erb (Duration: 25.5ms | Allocations: 14421)
Completed 200 OK in 30ms (Views: 27.7ms | ActiveRecord: 0.0ms | Allocations: 14779)


Started POST "/articles" for 127.0.0.1 at 2023-10-23 17:17:59 +0500
Processing by ArticlesController#create as TURBO_STREAM
  Parameters: {"authenticity_token"=>"[FILTERED]", "article"=>{"title"=>"this is my first", "body"=>"This is quite a concise overview of MVC. I highly recommend that you read up on this topic, as it is the key to cracking Rails.\n\nThis article from betterexplained.com is a great resource for learning MVC in Rails. However, the best way to learn is, install the framework and start playing with it."}, "commit"=>"Create Article"}
  [1m[36mTRANSACTION (0.1ms)[0m  [1m[36mbegin transaction[0m
  ↳ app/controllers/articles_controller.rb:17:in `create'
  [1m[36mArticle Create (1.0ms)[0m  [1m[32mINSERT INTO "articles" ("title", "body", "created_at", "updated_at") VALUES (?, ?, ?, ?) RETURNING "id"[0m  [["title", "..."], ["body", "..."], ["created_at", "2023-10-23 12:17:59.539168"], ["updated_at", "2023-10-23 12:17:59.539168"]]
  ↳ app/controllers/articles_controller.rb:17:in `create'
  [1m[36mTRANSACTION (0.1ms)[0m  [1m[36mcommit transaction[0m
  ↳ app/controllers/articles_controller.rb:17:in `create'
Redirected to http://localhost:3000/articles/2
Completed 302 Found in 5ms (ActiveRecord: 1.2ms | Allocations: 3163)


Started GET "/articles/2" for 127.0.0.1 at 2023-10-23 17:17:59 +0500
Processing by ArticlesController#show as TURBO_STREAM
  Parameters: {"id"=>"2"}
  [1m[36mArticle Load (0.1ms)[0m  [1m[34mSELECT "articles".* FROM "articles" WHERE "articles"."id" = ? LIMIT ?[0m  [["id", 2], ["LIMIT", 1]]
  ↳ app/controllers/articles_controller.rb:7:in `show'
  Rendering layout layouts/application.html.erb
  Rendering articles/show.html.erb within layouts/application
  Rendered articles/show.html.erb within layouts/application (Duration: 0.1ms | Allocations: 10)
  Rendered layout layouts/application.html.erb (Duration: 3.1ms | Allocations: 2167)
Completed 200 OK in 5ms (Views: 3.7ms | ActiveRecord: 0.1ms | Allocations: 2794)


Started GET "/articles" for 127.0.0.1 at 2023-10-23 17:18:11 +0500
Processing by ArticlesController#index as HTML
  Rendering layout layouts/application.html.erb
  Rendering articles/index.html.erb within layouts/application
  [1m[36mArticle Load (0.1ms)[0m  [1m[34mSELECT "articles".* FROM "articles"[0m
  ↳ app/views/articles/index.html.erb:4
  Rendered articles/index.html.erb within layouts/application (Duration: 1.5ms | Allocations: 452)
  Rendered layout layouts/application.html.erb (Duration: 6.8ms | Allocations: 2626)
Completed 200 OK in 8ms (Views: 7.7ms | ActiveRecord: 0.1ms | Allocations: 2878)


Started GET "/articles/2" for 127.0.0.1 at 2023-10-23 17:18:13 +0500
Processing by ArticlesController#show as HTML
  Parameters: {"id"=>"2"}
  [1m[36mArticle Load (0.1ms)[0m  [1m[34mSELECT "articles".* FROM "articles" WHERE "articles"."id" = ? LIMIT ?[0m  [["id", 2], ["LIMIT", 1]]
  ↳ app/controllers/articles_controller.rb:7:in `show'
  Rendering layout layouts/application.html.erb
  Rendering articles/show.html.erb within layouts/application
  Rendered articles/show.html.erb within layouts/application (Duration: 0.1ms | Allocations: 10)
  Rendered layout layouts/application.html.erb (Duration: 3.2ms | Allocations: 2172)
Completed 200 OK in 6ms (Views: 3.7ms | ActiveRecord: 0.1ms | Allocations: 2753)


Started GET "/articles/" for 127.0.0.1 at 2023-10-23 17:18:20 +0500
Processing by ArticlesController#index as HTML
  Rendering layout layouts/application.html.erb
  Rendering articles/index.html.erb within layouts/application
  [1m[36mArticle Load (0.1ms)[0m  [1m[34mSELECT "articles".* FROM "articles"[0m
  ↳ app/views/articles/index.html.erb:4
  Rendered articles/index.html.erb within layouts/application (Duration: 1.3ms | Allocations: 452)
  Rendered layout layouts/application.html.erb (Duration: 5.2ms | Allocations: 2614)
Completed 200 OK in 7ms (Views: 6.4ms | ActiveRecord: 0.1ms | Allocations: 2877)


Started GET "/articles/1" for 127.0.0.1 at 2023-10-23 17:18:22 +0500
Processing by ArticlesController#show as HTML
  Parameters: {"id"=>"1"}
  [1m[36mArticle Load (0.1ms)[0m  [1m[34mSELECT "articles".* FROM "articles" WHERE "articles"."id" = ? LIMIT ?[0m  [["id", 1], ["LIMIT", 1]]
  ↳ app/controllers/articles_controller.rb:7:in `show'
  Rendering layout layouts/application.html.erb
  Rendering articles/show.html.erb within layouts/application
  Rendered articles/show.html.erb within layouts/application (Duration: 0.1ms | Allocations: 10)
  Rendered layout layouts/application.html.erb (Duration: 3.2ms | Allocations: 2175)
Completed 200 OK in 5ms (Views: 3.7ms | ActiveRecord: 0.1ms | Allocations: 2756)


Started GET "/articles/2" for 127.0.0.1 at 2023-10-23 17:18:27 +0500
Processing by ArticlesController#show as HTML
  Parameters: {"id"=>"2"}
  [1m[36mArticle Load (0.3ms)[0m  [1m[34mSELECT "articles".* FROM "articles" WHERE "articles"."id" = ? LIMIT ?[0m  [["id", 2], ["LIMIT", 1]]
  ↳ app/controllers/articles_controller.rb:7:in `show'
  Rendering layout layouts/application.html.erb
  Rendering articles/show.html.erb within layouts/application
  Rendered articles/show.html.erb within layouts/application (Duration: 0.1ms | Allocations: 10)
  Rendered layout layouts/application.html.erb (Duration: 5.9ms | Allocations: 2178)
Completed 200 OK in 11ms (Views: 7.2ms | ActiveRecord: 0.3ms | Allocations: 2759)


